<?xml version="1.0" encoding="UTF-8"?>
<coverage generated="1730124930438" clover="3.2.0">
  <project timestamp="1730124930438" name="All files">
    <metrics statements="6" coveredstatements="6" conditionals="9" coveredconditionals="9" methods="2" coveredmethods="2" elements="17" coveredelements="17" complexity="0" loc="6" ncloc="6" packages="1" files="1" classes="1"/>
    <file name="script.js" path="/home/curso/Desktop/alberto_van_oldenbarneveld_tema12/script.js">
      <metrics statements="6" coveredstatements="6" conditionals="9" coveredconditionals="9" methods="2" coveredmethods="2"/>
      <line num="2" count="11" type="cond" truecount="2" falsecount="0"/>
      <line num="3" count="3" type="stmt"/>
      <line num="5" count="8" type="cond" truecount="4" falsecount="0"/>
      <line num="6" count="3" type="stmt"/>
      <line num="9" count="17" type="cond" truecount="3" falsecount="0"/>
      <line num="12" count="1" type="stmt"/>
    </file>
  </project>
</coverage>
