{"/home/curso/Desktop/alberto_van_oldenbarneveld_tema12/script.js": {"path":"/home/curso/Desktop/alberto_van_oldenbarneveld_tema12/script.js","statementMap":{"0":{"start":{"line":2,"column":2},"end":{"line":4,"column":3}},"1":{"start":{"line":3,"column":4},"end":{"line":3,"column":64}},"2":{"start":{"line":5,"column":2},"end":{"line":7,"column":3}},"3":{"start":{"line":6,"column":4},"end":{"line":6,"column":50}},"4":{"start":{"line":9,"column":2},"end":{"line":9,"column":100}},"5":{"start":{"line":9,"column":38},"end":{"line":9,"column":97}},"6":{"start":{"line":12,"column":0},"end":{"line":12,"column":34}}},"fnMap":{"0":{"name":"getValuesInRange","decl":{"start":{"line":1,"column":9},"end":{"line":1,"column":25}},"loc":{"start":{"line":1,"column":55},"end":{"line":10,"column":1}},"line":1},"1":{"name":"(anonymous_1)","decl":{"start":{"line":9,"column":33},"end":{"line":9,"column":34}},"loc":{"start":{"line":9,"column":38},"end":{"line":9,"column":97}},"line":9}},"branchMap":{"0":{"loc":{"start":{"line":2,"column":2},"end":{"line":4,"column":3}},"type":"if","locations":[{"start":{"line":2,"column":2},"end":{"line":4,"column":3}},{"start":{},"end":{}}],"line":2},"1":{"loc":{"start":{"line":5,"column":2},"end":{"line":7,"column":3}},"type":"if","locations":[{"start":{"line":5,"column":2},"end":{"line":7,"column":3}},{"start":{},"end":{}}],"line":5},"2":{"loc":{"start":{"line":5,"column":6},"end":{"line":5,"column":70}},"type":"binary-expr","locations":[{"start":{"line":5,"column":6},"end":{"line":5,"column":36}},{"start":{"line":5,"column":40},"end":{"line":5,"column":70}}],"line":5},"3":{"loc":{"start":{"line":9,"column":38},"end":{"line":9,"column":97}},"type":"binary-expr","locations":[{"start":{"line":9,"column":38},"end":{"line":9,"column":59}},{"start":{"line":9,"column":63},"end":{"line":9,"column":78}},{"start":{"line":9,"column":82},"end":{"line":9,"column":97}}],"line":9}},"s":{"0":11,"1":3,"2":8,"3":3,"4":5,"5":17,"6":1},"f":{"0":11,"1":17},"b":{"0":[3,8],"1":[3,5],"2":[8,6],"3":[17,15,10]},"_coverageSchema":"1a1c01bbd47fc00a2c39e90264f33305004495a9","hash":"c489298c58f202867332a81e535ee07e90403e03"}
}
